<?xml version="1.0" encoding="UTF-8"?>
<!-- Generated by org.testng.reporters.JUnitReportReporter -->
<testsuite name="com.crm.qa.testcases.HomePageTest" tests="3" time="66.546" ignored="0" failures="0" timestamp="20 Jul 2018 12:20:14 GMT" skipped="0" hostname="YY059862" errors="0">
  <testcase name="verifyUserNameLableTest" time="22.016" classname="com.crm.qa.testcases.HomePageTest"/>
  <testcase name="verifyHomePageTitleTest" time="18.754" classname="com.crm.qa.testcases.HomePageTest"/>
  <testcase name="verifyContactsTest" time="25.776" classname="com.crm.qa.testcases.HomePageTest"/>
</testsuite> <!-- com.crm.qa.testcases.HomePageTest -->
