<?xml version="1.0" encoding="UTF-8"?>
<!-- Generated by org.testng.reporters.JUnitReportReporter -->
<testsuite name="com.crm.qa.testcases.LoginPageTest" tests="3" time="77.147" ignored="0" failures="0" timestamp="20 Jul 2018 12:20:14 GMT" skipped="0" hostname="YY059862" errors="0">
  <testcase name="loginTest" time="46.237" classname="com.crm.qa.testcases.LoginPageTest"/>
  <testcase name="crmLogoImageTest" time="19.164" classname="com.crm.qa.testcases.LoginPageTest"/>
  <testcase name="loginPageTitle" time="11.746" classname="com.crm.qa.testcases.LoginPageTest"/>
</testsuite> <!-- com.crm.qa.testcases.LoginPageTest -->
