<?xml version="1.0" encoding="UTF-8"?>
<!-- Generated by org.testng.reporters.JUnitReportReporter -->
<testsuite name="com.FreeCRMT.test" tests="1" time="0.017" ignored="0" failures="0" timestamp="14 Jul 2018 17:02:53 GMT" skipped="0" hostname="YY059862" errors="0">
  <testcase name="sum" time="0.017" classname="com.FreeCRMT.test"/>
</testsuite> <!-- com.FreeCRMT.test -->
