<?xml version="1.0" encoding="UTF-8"?>
<!-- Generated by org.testng.reporters.JUnitReportReporter -->
<testsuite name="com.crm.qa.testcases.LoginPageTest" tests="3" time="93.591" ignored="0" failures="0" timestamp="20 Jul 2018 09:49:29 GMT" skipped="0" hostname="YY059862" errors="0">
  <testcase name="crmLogoImageTest" time="16.853" classname="com.crm.qa.testcases.LoginPageTest"/>
  <testcase name="loginTest" time="58.718" classname="com.crm.qa.testcases.LoginPageTest"/>
  <testcase name="loginPageTitle" time="18.020" classname="com.crm.qa.testcases.LoginPageTest"/>
</testsuite> <!-- com.crm.qa.testcases.LoginPageTest -->
