<?xml version="1.0" encoding="UTF-8"?>
<!-- Generated by org.testng.reporters.JUnitReportReporter -->
<testsuite name="com.crm.qa.testcases.HomePageTest" tests="3" time="117.906" ignored="0" failures="0" timestamp="20 Jul 2018 09:49:29 GMT" skipped="0" hostname="YY059862" errors="0">
  <testcase name="verifyContactsTest" time="25.399" classname="com.crm.qa.testcases.HomePageTest"/>
  <testcase name="verifyHomePageTitleTest" time="50.442" classname="com.crm.qa.testcases.HomePageTest"/>
  <testcase name="verifyUserNameLableTest" time="42.065" classname="com.crm.qa.testcases.HomePageTest"/>
</testsuite> <!-- com.crm.qa.testcases.HomePageTest -->
